<?xml version="1.0" encoding="utf-8"?><testsuites name="pytest tests"><testsuite name="pytest" errors="0" failures="0" skipped="0" tests="8" time="1.335" timestamp="2026-04-22T07:10:55.657320+00:00" hostname="agent-env-dab8a11b-a1f7-4c10-a28a-52f3503090e5"><testcase classname="backend.tests.backend_test.TestStations" name="test_get_stations_returns_6" time="0.193" /><testcase classname="backend.tests.backend_test.TestInput" name="test_post_input_returns_session_id" time="0.057" /><testcase classname="backend.tests.backend_test.TestRecommend" name="test_recommend_normal_battery" time="0.046" /><testcase classname="backend.tests.backend_test.TestRecommend" name="test_recommend_emergency_low_battery" time="0.051" /><testcase classname="backend.tests.backend_test.TestRecommend" name="test_recommend_out_of_range_flag" time="0.094" /><testcase classname="backend.tests.backend_test.TestBooking" name="test_booking_persisted_and_listed" time="0.094" /><testcase classname="backend.tests.backend_test.TestBooking" name="test_booking_invalid_station_404" time="0.044" /><testcase classname="backend.tests.backend_test.TestExplain" name="test_explain_returns_text" time="0.585" /></testsuite></testsuites>